--------------------------------------------------------------------------------
Release 14.6 Trace  (nt64)
Copyright (c) 1995-2013 Xilinx, Inc.  All rights reserved.

C:\Xilinx\14.6\ISE_DS\ISE\bin\nt64\unwrapped\trce.exe -intstyle ise -v 3 -s 3
-n 3 -fastpaths -xml TopBlock.twx TopBlock.ncd -o TopBlock.twr TopBlock.pcf
-ucf UCF.ucf

Design file:              TopBlock.ncd
Physical constraint file: TopBlock.pcf
Device,package,speed:     xc6slx16,csg324,C,-3 (PRODUCTION 1.23 2013-06-08)
Report level:             verbose report

Environment Variable      Effect 
--------------------      ------ 
NONE                      No environment variables were set
--------------------------------------------------------------------------------

INFO:Timing:2698 - No timing constraints found, doing default enumeration.
INFO:Timing:3412 - To improve timing, see the Timing Closure User Guide (UG612).
INFO:Timing:2752 - To get complete path coverage, use the unconstrained paths 
   option. All paths that are not constrained will be reported in the 
   unconstrained paths section(s) of the report.
INFO:Timing:3339 - The clock-to-out numbers in this timing report are based on 
   a 50 Ohm transmission line loading model.  For the details of this model, 
   and for more information on accounting for different loading conditions, 
   please see the device datasheet.



Data Sheet report:
-----------------
All values displayed in nanoseconds (ns)

Setup/Hold to clock clk
------------+------------+------------+------------+------------+------------------+--------+
            |Max Setup to|  Process   |Max Hold to |  Process   |                  | Clock  |
Source      | clk (edge) |   Corner   | clk (edge) |   Corner   |Internal Clock(s) | Phase  |
------------+------------+------------+------------+------------+------------------+--------+
Btn1        |    1.560(R)|      SLOW  |   -0.873(R)|      SLOW  |clk_BUFGP         |   0.000|
Btn2        |    1.065(R)|      FAST  |   -0.379(R)|      SLOW  |clk_BUFGP         |   0.000|
clr         |    2.574(R)|      SLOW  |   -1.445(R)|      FAST  |clk_BUFGP         |   0.000|
mRxD        |    0.523(R)|      FAST  |    0.349(R)|      SLOW  |clk_BUFGP         |   0.000|
sw          |    2.236(R)|      SLOW  |   -0.485(R)|      SLOW  |clk_BUFGP         |   0.000|
------------+------------+------------+------------+------------+------------------+--------+

Clock clk to Pad
-------------+-----------------+------------+-----------------+------------+------------------+--------+
             |Max (slowest) clk|  Process   |Min (fastest) clk|  Process   |                  | Clock  |
Destination  |  (edge) to PAD  |   Corner   |  (edge) to PAD  |   Corner   |Internal Clock(s) | Phase  |
-------------+-----------------+------------+-----------------+------------+------------------+--------+
Enable7Seg<0>|         8.415(R)|      SLOW  |         4.626(R)|      FAST  |clk_BUFGP         |   0.000|
Enable7Seg<1>|         8.366(R)|      SLOW  |         4.603(R)|      FAST  |clk_BUFGP         |   0.000|
Enable7Seg<2>|         8.677(R)|      SLOW  |         4.604(R)|      FAST  |clk_BUFGP         |   0.000|
Enable7Seg<3>|         8.628(R)|      SLOW  |         4.581(R)|      FAST  |clk_BUFGP         |   0.000|
JA<0>        |         8.597(R)|      SLOW  |         4.825(R)|      FAST  |clk_BUFGP         |   0.000|
Led          |         9.296(R)|      SLOW  |         5.347(R)|      FAST  |clk_BUFGP         |   0.000|
Led2         |         8.890(R)|      SLOW  |         5.004(R)|      FAST  |clk_BUFGP         |   0.000|
Leds7Seg<0>  |        11.022(R)|      SLOW  |         4.851(R)|      FAST  |clk_BUFGP         |   0.000|
Leds7Seg<1>  |         9.925(R)|      SLOW  |         5.020(R)|      FAST  |clk_BUFGP         |   0.000|
Leds7Seg<2>  |        10.528(R)|      SLOW  |         5.166(R)|      FAST  |clk_BUFGP         |   0.000|
Leds7Seg<3>  |        10.492(R)|      SLOW  |         4.939(R)|      FAST  |clk_BUFGP         |   0.000|
Leds7Seg<4>  |        10.686(R)|      SLOW  |         5.180(R)|      FAST  |clk_BUFGP         |   0.000|
Leds7Seg<5>  |        10.548(R)|      SLOW  |         5.098(R)|      FAST  |clk_BUFGP         |   0.000|
Leds7Seg<6>  |        10.822(R)|      SLOW  |         5.240(R)|      FAST  |clk_BUFGP         |   0.000|
blue<0>      |        14.625(R)|      SLOW  |         6.549(R)|      FAST  |clk_BUFGP         |   0.000|
blue<1>      |        14.458(R)|      SLOW  |         6.420(R)|      FAST  |clk_BUFGP         |   0.000|
green<0>     |        12.326(R)|      SLOW  |         6.425(R)|      FAST  |clk_BUFGP         |   0.000|
green<1>     |        12.563(R)|      SLOW  |         6.586(R)|      FAST  |clk_BUFGP         |   0.000|
green<2>     |        12.537(R)|      SLOW  |         6.572(R)|      FAST  |clk_BUFGP         |   0.000|
notaSalida<0>|        11.344(R)|      SLOW  |         6.312(R)|      FAST  |clk_BUFGP         |   0.000|
notaSalida<1>|        11.257(R)|      SLOW  |         6.003(R)|      FAST  |clk_BUFGP         |   0.000|
notaSalida<2>|        10.425(R)|      SLOW  |         5.811(R)|      FAST  |clk_BUFGP         |   0.000|
red<0>       |        12.542(R)|      SLOW  |         6.512(R)|      FAST  |clk_BUFGP         |   0.000|
red<1>       |        12.703(R)|      SLOW  |         6.635(R)|      FAST  |clk_BUFGP         |   0.000|
red<2>       |        12.838(R)|      SLOW  |         6.665(R)|      FAST  |clk_BUFGP         |   0.000|
-------------+-----------------+------------+-----------------+------------+------------------+--------+

Clock to Setup on destination clock clk
---------------+---------+---------+---------+---------+
               | Src:Rise| Src:Fall| Src:Rise| Src:Fall|
Source Clock   |Dest:Rise|Dest:Rise|Dest:Fall|Dest:Fall|
---------------+---------+---------+---------+---------+
clk            |    4.084|         |         |         |
---------------+---------+---------+---------+---------+


Analysis completed Fri Nov 07 12:41:51 2014 
--------------------------------------------------------------------------------

Trace Settings:
-------------------------
Trace Settings 

Peak Memory Usage: 258 MB



