Command line:
   SimulacionTubos_isim_beh.exe
     -simmode  gui
     -simrunnum  0
     -socket  50052

Wed Oct 08 19:01:02 2014


 Elaboration Time: 0.015625 sec

 Current Memory Usage: 524.165 Meg

 Total Signals          : 19
 Total Nets             : 28
 Total Signal Drivers   : 11
 Total Blocks           : 3
 Total Primitive Blocks : 2
 Total Processes        : 18
 Total Traceable Variables  : 34
 Total Scalar Nets and Variables : 147
Total Line Count : 67

 Total Simulation Time: 0.03125 sec

 Current Memory Usage: 524.165 Meg

Wed Oct 08 19:04:36 2014

