Command line:
   SimulacionChoque_isim_beh.exe
     -simmode  gui
     -simrunnum  0
     -socket  49476

Tue Oct 07 22:54:02 2014


 Elaboration Time: 0.015625 sec

 Current Memory Usage: 524.186 Meg

 Total Signals          : 18
 Total Nets             : 45
 Total Signal Drivers   : 10
 Total Blocks           : 3
 Total Primitive Blocks : 2
 Total Processes        : 15
 Total Traceable Variables  : 23
 Total Scalar Nets and Variables : 157
Total Line Count : 31

 Total Simulation Time: 0.0625 sec

 Current Memory Usage: 524.186 Meg

Tue Oct 07 22:54:10 2014

