Command line:
   ggg_isim_beh.exe
     -simmode  gui
     -simrunnum  0
     -socket  57930

Thu Nov 06 17:39:47 2014


 Elaboration Time: 0.03125 sec

 Current Memory Usage: 524.231 Meg

 Total Signals          : 30
 Total Nets             : 67
 Total Signal Drivers   : 18
 Total Blocks           : 6
 Total Primitive Blocks : 4
 Total Processes        : 35
 Total Traceable Variables  : 63
 Total Scalar Nets and Variables : 354
Total Line Count : 241

 Total Simulation Time: 0.078125 sec

 Current Memory Usage: 524.231 Meg

Thu Nov 06 17:39:57 2014

